<?xml version="1.0" encoding="UTF-8"?>
<coverage generated="1728689104861" clover="3.2.0">
  <project timestamp="1728689104862" name="All files">
    <metrics statements="14" coveredstatements="14" conditionals="14" coveredconditionals="14" methods="5" coveredmethods="5" elements="33" coveredelements="33" complexity="0" loc="14" ncloc="14" packages="1" files="1" classes="1"/>
    <file name="Calculadora.js" path="D:\Faculdade\Aula Faculdade\3º Semestre\Sexta - Manutenção de Software e DevOps\Atividades\aula-pipelineTDD\src\Calculadora.js">
      <metrics statements="14" coveredstatements="14" conditionals="14" coveredconditionals="14" methods="5" coveredmethods="5"/>
      <line num="5" count="5" type="stmt"/>
      <line num="9" count="8" type="stmt"/>
      <line num="13" count="4" type="cond" truecount="2" falsecount="0"/>
      <line num="14" count="3" type="stmt"/>
      <line num="16" count="4" type="cond" truecount="4" falsecount="0"/>
      <line num="17" count="2" type="stmt"/>
      <line num="19" count="2" type="stmt"/>
      <line num="27" count="6" type="cond" truecount="2" falsecount="0"/>
      <line num="28" count="2" type="stmt"/>
      <line num="30" count="6" type="cond" truecount="4" falsecount="0"/>
      <line num="31" count="2" type="stmt"/>
      <line num="33" count="4" type="cond" truecount="2" falsecount="0"/>
      <line num="35" count="2" type="stmt"/>
      <line num="40" count="1" type="stmt"/>
    </file>
  </project>
</coverage>
