<?xml version="1.0" encoding="UTF-8"?>
<coverage generated="1728692571918" clover="3.2.0">
  <project timestamp="1728692571918" name="All files">
    <metrics statements="17" coveredstatements="16" conditionals="16" coveredconditionals="15" methods="5" coveredmethods="5" elements="38" coveredelements="36" complexity="0" loc="17" ncloc="17" packages="1" files="1" classes="1"/>
    <file name="Calculadora.js" path="D:\Faculdade\Aula Faculdade\3º Semestre\Sexta - Manutenção de Software e DevOps\Atividades\aula-pipelineTDD\src\Calculadora.js">
      <metrics statements="17" coveredstatements="16" conditionals="16" coveredconditionals="15" methods="5" coveredmethods="5"/>
      <line num="5" count="5" type="stmt"/>
      <line num="9" count="8" type="stmt"/>
      <line num="13" count="4" type="cond" truecount="2" falsecount="0"/>
      <line num="14" count="3" type="stmt"/>
      <line num="16" count="4" type="cond" truecount="4" falsecount="0"/>
      <line num="17" count="2" type="stmt"/>
      <line num="19" count="2" type="stmt"/>
      <line num="24" count="3" type="cond" truecount="1" falsecount="1"/>
      <line num="25" count="3" type="stmt"/>
      <line num="28" count="0" type="stmt"/>
      <line num="32" count="6" type="cond" truecount="2" falsecount="0"/>
      <line num="33" count="2" type="stmt"/>
      <line num="35" count="6" type="cond" truecount="4" falsecount="0"/>
      <line num="36" count="2" type="stmt"/>
      <line num="38" count="4" type="cond" truecount="2" falsecount="0"/>
      <line num="40" count="2" type="stmt"/>
      <line num="45" count="1" type="stmt"/>
    </file>
  </project>
</coverage>
