{"D:\\Faculdade\\Aula Faculdade\\3º Semestre\\Sexta - Manutenção de Software e DevOps\\Atividades\\aula-pipelineTDD\\src\\Calculadora.js": {"path":"D:\\Faculdade\\Aula Faculdade\\3º Semestre\\Sexta - Manutenção de Software e DevOps\\Atividades\\aula-pipelineTDD\\src\\Calculadora.js","statementMap":{"0":{"start":{"line":5,"column":6},"end":{"line":5,"column":26}},"1":{"start":{"line":9,"column":6},"end":{"line":9,"column":29}},"2":{"start":{"line":13,"column":6},"end":{"line":15,"column":7}},"3":{"start":{"line":14,"column":8},"end":{"line":14,"column":26}},"4":{"start":{"line":16,"column":6},"end":{"line":18,"column":7}},"5":{"start":{"line":17,"column":8},"end":{"line":17,"column":69}},"6":{"start":{"line":19,"column":6},"end":{"line":19,"column":31}},"7":{"start":{"line":24,"column":6},"end":{"line":27,"column":7}},"8":{"start":{"line":25,"column":8},"end":{"line":26,"column":58}},"9":{"start":{"line":28,"column":6},"end":{"line":28,"column":49}},"10":{"start":{"line":32,"column":6},"end":{"line":34,"column":7}},"11":{"start":{"line":33,"column":8},"end":{"line":33,"column":26}},"12":{"start":{"line":35,"column":6},"end":{"line":37,"column":7}},"13":{"start":{"line":36,"column":8},"end":{"line":36,"column":69}},"14":{"start":{"line":38,"column":6},"end":{"line":38,"column":66}},"15":{"start":{"line":38,"column":23},"end":{"line":38,"column":66}},"16":{"start":{"line":40,"column":6},"end":{"line":40,"column":32}},"17":{"start":{"line":45,"column":2},"end":{"line":45,"column":31}}},"fnMap":{"0":{"name":"(anonymous_0)","decl":{"start":{"line":4,"column":4},"end":{"line":4,"column":5}},"loc":{"start":{"line":4,"column":18},"end":{"line":6,"column":5}},"line":4},"1":{"name":"(anonymous_1)","decl":{"start":{"line":8,"column":4},"end":{"line":8,"column":5}},"loc":{"start":{"line":8,"column":20},"end":{"line":10,"column":5}},"line":8},"2":{"name":"(anonymous_2)","decl":{"start":{"line":12,"column":4},"end":{"line":12,"column":5}},"loc":{"start":{"line":12,"column":26},"end":{"line":20,"column":5}},"line":12},"3":{"name":"(anonymous_3)","decl":{"start":{"line":22,"column":4},"end":{"line":22,"column":5}},"loc":{"start":{"line":22,"column":17},"end":{"line":29,"column":5}},"line":22},"4":{"name":"(anonymous_4)","decl":{"start":{"line":31,"column":4},"end":{"line":31,"column":5}},"loc":{"start":{"line":31,"column":20},"end":{"line":41,"column":5}},"line":31}},"branchMap":{"0":{"loc":{"start":{"line":13,"column":6},"end":{"line":15,"column":7}},"type":"if","locations":[{"start":{"line":13,"column":6},"end":{"line":15,"column":7}},{"start":{},"end":{}}],"line":13},"1":{"loc":{"start":{"line":16,"column":6},"end":{"line":18,"column":7}},"type":"if","locations":[{"start":{"line":16,"column":6},"end":{"line":18,"column":7}},{"start":{},"end":{}}],"line":16},"2":{"loc":{"start":{"line":16,"column":9},"end":{"line":16,"column":52}},"type":"binary-expr","locations":[{"start":{"line":16,"column":9},"end":{"line":16,"column":22}},{"start":{"line":16,"column":26},"end":{"line":16,"column":52}}],"line":16},"3":{"loc":{"start":{"line":24,"column":6},"end":{"line":27,"column":7}},"type":"if","locations":[{"start":{"line":24,"column":6},"end":{"line":27,"column":7}},{"start":{},"end":{}}],"line":24},"4":{"loc":{"start":{"line":32,"column":6},"end":{"line":34,"column":7}},"type":"if","locations":[{"start":{"line":32,"column":6},"end":{"line":34,"column":7}},{"start":{},"end":{}}],"line":32},"5":{"loc":{"start":{"line":35,"column":6},"end":{"line":37,"column":7}},"type":"if","locations":[{"start":{"line":35,"column":6},"end":{"line":37,"column":7}},{"start":{},"end":{}}],"line":35},"6":{"loc":{"start":{"line":35,"column":9},"end":{"line":35,"column":52}},"type":"binary-expr","locations":[{"start":{"line":35,"column":9},"end":{"line":35,"column":22}},{"start":{"line":35,"column":26},"end":{"line":35,"column":52}}],"line":35},"7":{"loc":{"start":{"line":38,"column":6},"end":{"line":38,"column":66}},"type":"if","locations":[{"start":{"line":38,"column":6},"end":{"line":38,"column":66}},{"start":{},"end":{}}],"line":38}},"s":{"0":5,"1":8,"2":4,"3":3,"4":4,"5":2,"6":2,"7":3,"8":3,"9":0,"10":6,"11":2,"12":6,"13":2,"14":4,"15":2,"16":2,"17":1},"f":{"0":5,"1":8,"2":4,"3":3,"4":6},"b":{"0":[3,1],"1":[2,2],"2":[4,2],"3":[3,0],"4":[2,4],"5":[2,4],"6":[6,5],"7":[2,2]},"_coverageSchema":"1a1c01bbd47fc00a2c39e90264f33305004495a9","hash":"73387b4862fef4e7f5fde430add6fb9777d9bc91"}
}
