TN:
SF:src\Calculadora.js
FN:4,(anonymous_0)
FN:8,(anonymous_1)
FN:12,(anonymous_2)
FN:22,(anonymous_3)
FN:31,(anonymous_4)
FNF:5
FNH:5
FNDA:5,(anonymous_0)
FNDA:8,(anonymous_1)
FNDA:4,(anonymous_2)
FNDA:3,(anonymous_3)
FNDA:6,(anonymous_4)
DA:5,5
DA:9,8
DA:13,4
DA:14,3
DA:16,4
DA:17,2
DA:19,2
DA:24,3
DA:25,3
DA:28,0
DA:32,6
DA:33,2
DA:35,6
DA:36,2
DA:38,4
DA:40,2
DA:45,1
LF:17
LH:16
BRDA:13,0,0,3
BRDA:13,0,1,1
BRDA:16,1,0,2
BRDA:16,1,1,2
BRDA:16,2,0,4
BRDA:16,2,1,2
BRDA:24,3,0,3
BRDA:24,3,1,0
BRDA:32,4,0,2
BRDA:32,4,1,4
BRDA:35,5,0,2
BRDA:35,5,1,4
BRDA:35,6,0,6
BRDA:35,6,1,5
BRDA:38,7,0,2
BRDA:38,7,1,2
BRF:16
BRH:15
end_of_record
