TN:
SF:src\Calculadora.js
FN:4,(anonymous_0)
FN:8,(anonymous_1)
FN:12,(anonymous_2)
FN:22,(anonymous_3)
FN:26,(anonymous_4)
FNF:5
FNH:5
FNDA:5,(anonymous_0)
FNDA:8,(anonymous_1)
FNDA:4,(anonymous_2)
FNDA:1,(anonymous_3)
FNDA:6,(anonymous_4)
DA:5,5
DA:9,8
DA:13,4
DA:14,3
DA:16,4
DA:17,2
DA:19,2
DA:27,6
DA:28,2
DA:30,6
DA:31,2
DA:33,4
DA:35,2
DA:40,1
LF:14
LH:14
BRDA:13,0,0,3
BRDA:13,0,1,1
BRDA:16,1,0,2
BRDA:16,1,1,2
BRDA:16,2,0,4
BRDA:16,2,1,2
BRDA:27,3,0,2
BRDA:27,3,1,4
BRDA:30,4,0,2
BRDA:30,4,1,4
BRDA:30,5,0,6
BRDA:30,5,1,5
BRDA:33,6,0,2
BRDA:33,6,1,2
BRF:14
BRH:14
end_of_record
